0 info it worked if it ends with ok
1 verbose cli [ '/usr/local/bin/node',
1 verbose cli   '/Users/stephenvasquez/.npm-packages/bin/npm',
1 verbose cli   'start' ]
2 info using npm@3.6.0
3 info using node@v5.4.1
4 verbose run-script [ 'prestart', 'start', 'poststart' ]
5 info lifecycle CheatSheatATX@1.0.0~prestart: CheatSheatATX@1.0.0
6 silly lifecycle CheatSheatATX@1.0.0~prestart: no script for prestart, continuing
7 info lifecycle CheatSheatATX@1.0.0~start: CheatSheatATX@1.0.0
8 verbose lifecycle CheatSheatATX@1.0.0~start: unsafe-perm in lifecycle true
9 verbose lifecycle CheatSheatATX@1.0.0~start: PATH: /Users/stephenvasquez/.npm-packages/lib/node_modules/npm/bin/node-gyp-bin:/Users/stephenvasquez/sxsw/node_modules/.bin:/Users/stephenvasquez/.npm-packages/bin:/usr/local/bin:/usr/bin:/bin:/usr/sbin:/sbin:/Users/stephenvasquez/mongodb/bin
10 verbose lifecycle CheatSheatATX@1.0.0~start: CWD: /Users/stephenvasquez/sxsw
11 silly lifecycle CheatSheatATX@1.0.0~start: Args: [ '-c', 'node app.js' ]
12 silly lifecycle CheatSheatATX@1.0.0~start: Returned: code: 1  signal: null
13 info lifecycle CheatSheatATX@1.0.0~start: Failed to exec start script
14 verbose stack Error: CheatSheatATX@1.0.0 start: `node app.js`
14 verbose stack Exit status 1
14 verbose stack     at EventEmitter.<anonymous> (/Users/stephenvasquez/.npm-packages/lib/node_modules/npm/lib/utils/lifecycle.js:232:16)
14 verbose stack     at emitTwo (events.js:87:13)
14 verbose stack     at EventEmitter.emit (events.js:172:7)
14 verbose stack     at ChildProcess.<anonymous> (/Users/stephenvasquez/.npm-packages/lib/node_modules/npm/lib/utils/spawn.js:24:14)
14 verbose stack     at emitTwo (events.js:87:13)
14 verbose stack     at ChildProcess.emit (events.js:172:7)
14 verbose stack     at maybeClose (internal/child_process.js:821:16)
14 verbose stack     at Process.ChildProcess._handle.onexit (internal/child_process.js:211:5)
15 verbose pkgid CheatSheatATX@1.0.0
16 verbose cwd /Users/stephenvasquez/sxsw
17 error Darwin 15.2.0
18 error argv "/usr/local/bin/node" "/Users/stephenvasquez/.npm-packages/bin/npm" "start"
19 error node v5.4.1
20 error npm  v3.6.0
21 error code ELIFECYCLE
22 error CheatSheatATX@1.0.0 start: `node app.js`
22 error Exit status 1
23 error Failed at the CheatSheatATX@1.0.0 start script 'node app.js'.
23 error Make sure you have the latest version of node.js and npm installed.
23 error If you do, this is most likely a problem with the CheatSheatATX package,
23 error not with npm itself.
23 error Tell the author that this fails on your system:
23 error     node app.js
23 error You can get information on how to open an issue for this project with:
23 error     npm bugs CheatSheatATX
23 error Or if that isn't available, you can get their info via:
23 error     npm owner ls CheatSheatATX
23 error There is likely additional logging output above.
24 verbose exit [ 1, true ]
